<?xml version="1.0" encoding="UTF-8"?>
<testng-results skipped="0" failed="4" ignored="0" total="4" passed="0">
  <reporter-output>
  </reporter-output>
  <suite name="com.morningstar.trackingservice.integrationTests.tracingAPI.tracingAPIpostTest" duration-ms="60" started-at="2021-08-23T12:33:50Z" finished-at="2021-08-23T12:33:51Z">
    <groups>
    </groups>
    <test name="Command line test" duration-ms="60" started-at="2021-08-23T12:33:50Z" finished-at="2021-08-23T12:33:51Z">
      <class name="com.morningstar.trackingservice.integrationTests.tracingAPI.tracingAPIpostTest">
        <test-method status="FAIL" signature="TestGetResponse(java.lang.String, java.lang.String)[pri:0, instance:com.morningstar.trackingservice.integrationTests.tracingAPI.tracingAPIpostTest@7f63425a]" name="TestGetResponse" duration-ms="0" started-at="2021-08-23T07:33:50Z" finished-at="2021-08-23T07:33:50Z">
          <exception class="org.testng.TestNGException">
            <message>
              <![CDATA[
Parameter 'environment' is required by @Test on method TestGetResponse but has not been marked @Optional or defined
]]>
            </message>
            <full-stacktrace>
              <![CDATA[org.testng.TestNGException: 
Parameter 'environment' is required by @Test on method TestGetResponse but has not been marked @Optional or defined

	at org.testng.internal.Parameters.createParameters(Parameters.java:199)
	at org.testng.internal.Parameters.createParameters(Parameters.java:443)
	at org.testng.internal.Parameters.handleParameters(Parameters.java:568)
	at org.testng.internal.Invoker.handleParameters(Invoker.java:1293)
	at org.testng.internal.Invoker.createParameters(Invoker.java:1020)
	at org.testng.internal.Invoker.invokeTestMethods(Invoker.java:1110)
	at org.testng.internal.TestMethodWorker.invokeTestMethods(TestMethodWorker.java:129)
	at org.testng.internal.TestMethodWorker.run(TestMethodWorker.java:112)
	at org.testng.TestRunner.privateRun(TestRunner.java:756)
	at org.testng.TestRunner.run(TestRunner.java:610)
	at org.testng.SuiteRunner.runTest(SuiteRunner.java:387)
	at org.testng.SuiteRunner.runSequentially(SuiteRunner.java:382)
	at org.testng.SuiteRunner.privateRun(SuiteRunner.java:340)
	at org.testng.SuiteRunner.run(SuiteRunner.java:289)
	at org.testng.SuiteRunnerWorker.runSuite(SuiteRunnerWorker.java:52)
	at org.testng.SuiteRunnerWorker.run(SuiteRunnerWorker.java:86)
	at org.testng.TestNG.runSuitesSequentially(TestNG.java:1293)
	at org.testng.TestNG.runSuitesLocally(TestNG.java:1218)
	at org.testng.TestNG.runSuites(TestNG.java:1133)
	at org.testng.TestNG.run(TestNG.java:1104)
	at org.apache.maven.surefire.testng.TestNGExecutor.run(TestNGExecutor.java:77)
	at org.apache.maven.surefire.testng.TestNGDirectoryTestSuite.execute(TestNGDirectoryTestSuite.java:110)
	at org.apache.maven.surefire.testng.TestNGProvider.invoke(TestNGProvider.java:106)
	at sun.reflect.NativeMethodAccessorImpl.invoke0(Native Method)
	at sun.reflect.NativeMethodAccessorImpl.invoke(NativeMethodAccessorImpl.java:62)
	at sun.reflect.DelegatingMethodAccessorImpl.invoke(DelegatingMethodAccessorImpl.java:43)
	at java.lang.reflect.Method.invoke(Method.java:498)
	at org.apache.maven.surefire.util.ReflectionUtils.invokeMethodWithArray(ReflectionUtils.java:189)
	at org.apache.maven.surefire.booter.ProviderFactory$ProviderProxy.invoke(ProviderFactory.java:165)
	at org.apache.maven.surefire.booter.ProviderFactory.invokeProvider(ProviderFactory.java:85)
	at org.apache.maven.surefire.booter.ForkedBooter.runSuitesInProcess(ForkedBooter.java:115)
	at org.apache.maven.surefire.booter.ForkedBooter.main(ForkedBooter.java:75)
]]>
            </full-stacktrace>
          </exception> <!-- org.testng.TestNGException -->
          <reporter-output>
          </reporter-output>
        </test-method> <!-- TestGetResponse -->
        <test-method status="FAIL" signature="TestGetResponseRegression(java.lang.String, java.lang.String)[pri:0, instance:com.morningstar.trackingservice.integrationTests.tracingAPI.tracingAPIpostTest@7f63425a]" name="TestGetResponseRegression" duration-ms="0" started-at="2021-08-23T07:33:50Z" finished-at="2021-08-23T07:33:50Z">
          <exception class="org.testng.TestNGException">
            <message>
              <![CDATA[
Parameter 'environment' is required by @Test on method TestGetResponseRegression but has not been marked @Optional or defined
]]>
            </message>
            <full-stacktrace>
              <![CDATA[org.testng.TestNGException: 
Parameter 'environment' is required by @Test on method TestGetResponseRegression but has not been marked @Optional or defined

	at org.testng.internal.Parameters.createParameters(Parameters.java:199)
	at org.testng.internal.Parameters.createParameters(Parameters.java:443)
	at org.testng.internal.Parameters.handleParameters(Parameters.java:568)
	at org.testng.internal.Invoker.handleParameters(Invoker.java:1293)
	at org.testng.internal.Invoker.createParameters(Invoker.java:1020)
	at org.testng.internal.Invoker.invokeTestMethods(Invoker.java:1110)
	at org.testng.internal.TestMethodWorker.invokeTestMethods(TestMethodWorker.java:129)
	at org.testng.internal.TestMethodWorker.run(TestMethodWorker.java:112)
	at org.testng.TestRunner.privateRun(TestRunner.java:756)
	at org.testng.TestRunner.run(TestRunner.java:610)
	at org.testng.SuiteRunner.runTest(SuiteRunner.java:387)
	at org.testng.SuiteRunner.runSequentially(SuiteRunner.java:382)
	at org.testng.SuiteRunner.privateRun(SuiteRunner.java:340)
	at org.testng.SuiteRunner.run(SuiteRunner.java:289)
	at org.testng.SuiteRunnerWorker.runSuite(SuiteRunnerWorker.java:52)
	at org.testng.SuiteRunnerWorker.run(SuiteRunnerWorker.java:86)
	at org.testng.TestNG.runSuitesSequentially(TestNG.java:1293)
	at org.testng.TestNG.runSuitesLocally(TestNG.java:1218)
	at org.testng.TestNG.runSuites(TestNG.java:1133)
	at org.testng.TestNG.run(TestNG.java:1104)
	at org.apache.maven.surefire.testng.TestNGExecutor.run(TestNGExecutor.java:77)
	at org.apache.maven.surefire.testng.TestNGDirectoryTestSuite.execute(TestNGDirectoryTestSuite.java:110)
	at org.apache.maven.surefire.testng.TestNGProvider.invoke(TestNGProvider.java:106)
	at sun.reflect.NativeMethodAccessorImpl.invoke0(Native Method)
	at sun.reflect.NativeMethodAccessorImpl.invoke(NativeMethodAccessorImpl.java:62)
	at sun.reflect.DelegatingMethodAccessorImpl.invoke(DelegatingMethodAccessorImpl.java:43)
	at java.lang.reflect.Method.invoke(Method.java:498)
	at org.apache.maven.surefire.util.ReflectionUtils.invokeMethodWithArray(ReflectionUtils.java:189)
	at org.apache.maven.surefire.booter.ProviderFactory$ProviderProxy.invoke(ProviderFactory.java:165)
	at org.apache.maven.surefire.booter.ProviderFactory.invokeProvider(ProviderFactory.java:85)
	at org.apache.maven.surefire.booter.ForkedBooter.runSuitesInProcess(ForkedBooter.java:115)
	at org.apache.maven.surefire.booter.ForkedBooter.main(ForkedBooter.java:75)
]]>
            </full-stacktrace>
          </exception> <!-- org.testng.TestNGException -->
          <reporter-output>
          </reporter-output>
        </test-method> <!-- TestGetResponseRegression -->
        <test-method status="FAIL" signature="TestPostExecutionAndResponse(java.lang.String, java.lang.String, java.lang.String, java.lang.String, java.lang.String, java.lang.String, java.lang.String, java.lang.String, java.lang.String, java.lang.String, java.lang.String, java.lang.String, java.lang.String, java.lang.String, java.lang.String, java.lang.String, java.lang.String)[pri:0, instance:com.morningstar.trackingservice.integrationTests.tracingAPI.tracingAPIpostTest@7f63425a]" name="TestPostExecutionAndResponse" duration-ms="5" started-at="2021-08-23T07:33:51Z" data-provider="tracingAPIData" finished-at="2021-08-23T07:33:51Z">
          <params>
            <param index="0">
              <value>
                <![CDATA[90]]>
              </value>
            </param>
            <param index="1">
              <value>
                <![CDATA[TEST]]>
              </value>
            </param>
            <param index="2">
              <value>
                <![CDATA[Test.xls]]>
              </value>
            </param>
            <param index="3">
              <value>
                <![CDATA[20]]>
              </value>
            </param>
            <param index="4">
              <value>
                <![CDATA[2]]>
              </value>
            </param>
            <param index="5">
              <value>
                <![CDATA[5]]>
              </value>
            </param>
            <param index="6">
              <value>
                <![CDATA[6]]>
              </value>
            </param>
            <param index="7">
              <value>
                <![CDATA[[{"clientFundCode":"NLT","secId":"VAUSA0LZ9Z","ticker":"","cusip":"54400A787","products":{"product":[{"productId":"UBS_HancockSig","isOpenNewSales":true}]},"fundName":"Lord Abbett Value Opportunities Fund","isOpen":true,"isOpenNewSales":true},{"clientFundCode":"NLT","secId":"VAUSA0MT6E","ticker":"","cusip":"885216853","products":{"product":[{"productId":"UBS_HancockSig","isOpenNewSales":true}]},"fundName":"Thornburg Limited Term Income Fund","isOpen":true,"isOpenNewSales":true}]]]>
              </value>
            </param>
            <param index="8">
              <value>
                <![CDATA[{}]]>
              </value>
            </param>
            <param index="9">
              <value>
                <![CDATA[Initech]]>
              </value>
            </param>
            <param index="10">
              <value>
                <![CDATA[FTP]]>
              </value>
            </param>
            <param index="11">
              <value>
                <![CDATA[FINISHED]]>
              </value>
            </param>
            <param index="12">
              <value>
                <![CDATA[[{"clientFundCode":"NLT","secId":"VAUSA0LZ9Z","ticker":"","cusip":"54400A787","products":{"product":[{"productId":"UBS_HancockSig","isOpenNewSales":true}]},"fundName":"Lord Abbett Value Opportunities Fund","isOpen":true,"isOpenNewSales":true},{"clientFundCode":"NLT","secId":"VAUSA0MT6E","ticker":"","cusip":"885216853","products":{"product":[{"productId":"UBS_HancockSig","isOpenNewSales":true}]},"fundName":"Thornburg Limited Term Income Fund","isOpen":true,"isOpenNewSales":true}]]]>
              </value>
            </param>
            <param index="13">
              <value>
                <![CDATA[[{"clientFundCode":"NLT","secId":"VAUSA0LZ9Z","ticker":"","cusip":"54400A787","products":{"product":[{"productId":"UBS_HancockSig","isOpenNewSales":true}]},"fundName":"Lord Abbett Value Opportunities Fund","isOpen":true,"isOpenNewSales":true},{"clientFundCode":"NLT","secId":"VAUSA0MT6E","ticker":"","cusip":"885216853","products":{"product":[{"productId":"UBS_HancockSig","isOpenNewSales":true}]},"fundName":"Thornburg Limited Term Income Fund","isOpen":true,"isOpenNewSales":true}]]]>
              </value>
            </param>
            <param index="14">
              <value>
                <![CDATA[[{"clientFundCode":"NLT","secId":"VAUSA0LZ9Z","ticker":"","cusip":"54400A787","products":{"product":[{"productId":"UBS_HancockSig","isOpenNewSales":true}]},"fundName":"Lord Abbett Value Opportunities Fund","isOpen":true,"isOpenNewSales":true},{"clientFundCode":"NLT","secId":"VAUSA0MT6E","ticker":"","cusip":"885216853","products":{"product":[{"productId":"UBS_HancockSig","isOpenNewSales":true}]},"fundName":"Thornburg Limited Term Income Fund","isOpen":true,"isOpenNewSales":true}]]]>
              </value>
            </param>
            <param index="15">
              <value>
                <![CDATA[John Madden]]>
              </value>
            </param>
            <param index="16">
              <value>
                <![CDATA[5c1ddd3af68044fba235b220f72aed58]]>
              </value>
            </param>
          </params>
          <exception class="java.lang.NullPointerException">
            <full-stacktrace>
              <![CDATA[java.lang.NullPointerException
	at com.morningstar.trackingservice.integrationTests.tracingAPI.tracingAPIpostTest.TestPostExecutionAndResponse(tracingAPIpostTest.java:87)
	at sun.reflect.NativeMethodAccessorImpl.invoke0(Native Method)
	at sun.reflect.NativeMethodAccessorImpl.invoke(NativeMethodAccessorImpl.java:62)
	at sun.reflect.DelegatingMethodAccessorImpl.invoke(DelegatingMethodAccessorImpl.java:43)
	at java.lang.reflect.Method.invoke(Method.java:498)
	at org.testng.internal.MethodInvocationHelper.invokeMethod(MethodInvocationHelper.java:104)
	at org.testng.internal.Invoker.invokeMethod(Invoker.java:645)
	at org.testng.internal.Invoker.invokeTestMethod(Invoker.java:851)
	at org.testng.internal.Invoker.invokeTestMethods(Invoker.java:1177)
	at org.testng.internal.TestMethodWorker.invokeTestMethods(TestMethodWorker.java:129)
	at org.testng.internal.TestMethodWorker.run(TestMethodWorker.java:112)
	at org.testng.TestRunner.privateRun(TestRunner.java:756)
	at org.testng.TestRunner.run(TestRunner.java:610)
	at org.testng.SuiteRunner.runTest(SuiteRunner.java:387)
	at org.testng.SuiteRunner.runSequentially(SuiteRunner.java:382)
	at org.testng.SuiteRunner.privateRun(SuiteRunner.java:340)
	at org.testng.SuiteRunner.run(SuiteRunner.java:289)
	at org.testng.SuiteRunnerWorker.runSuite(SuiteRunnerWorker.java:52)
	at org.testng.SuiteRunnerWorker.run(SuiteRunnerWorker.java:86)
	at org.testng.TestNG.runSuitesSequentially(TestNG.java:1293)
	at org.testng.TestNG.runSuitesLocally(TestNG.java:1218)
	at org.testng.TestNG.runSuites(TestNG.java:1133)
	at org.testng.TestNG.run(TestNG.java:1104)
	at org.apache.maven.surefire.testng.TestNGExecutor.run(TestNGExecutor.java:77)
	at org.apache.maven.surefire.testng.TestNGDirectoryTestSuite.execute(TestNGDirectoryTestSuite.java:110)
	at org.apache.maven.surefire.testng.TestNGProvider.invoke(TestNGProvider.java:106)
	at sun.reflect.NativeMethodAccessorImpl.invoke0(Native Method)
	at sun.reflect.NativeMethodAccessorImpl.invoke(NativeMethodAccessorImpl.java:62)
	at sun.reflect.DelegatingMethodAccessorImpl.invoke(DelegatingMethodAccessorImpl.java:43)
	at java.lang.reflect.Method.invoke(Method.java:498)
	at org.apache.maven.surefire.util.ReflectionUtils.invokeMethodWithArray(ReflectionUtils.java:189)
	at org.apache.maven.surefire.booter.ProviderFactory$ProviderProxy.invoke(ProviderFactory.java:165)
	at org.apache.maven.surefire.booter.ProviderFactory.invokeProvider(ProviderFactory.java:85)
	at org.apache.maven.surefire.booter.ForkedBooter.runSuitesInProcess(ForkedBooter.java:115)
	at org.apache.maven.surefire.booter.ForkedBooter.main(ForkedBooter.java:75)
]]>
            </full-stacktrace>
          </exception> <!-- java.lang.NullPointerException -->
          <reporter-output>
          </reporter-output>
        </test-method> <!-- TestPostExecutionAndResponse -->
        <test-method status="FAIL" signature="TestPostExecutionAndResponse(java.lang.String, java.lang.String, java.lang.String, java.lang.String, java.lang.String, java.lang.String, java.lang.String, java.lang.String, java.lang.String, java.lang.String, java.lang.String, java.lang.String, java.lang.String, java.lang.String, java.lang.String, java.lang.String, java.lang.String)[pri:0, instance:com.morningstar.trackingservice.integrationTests.tracingAPI.tracingAPIpostTest@7f63425a]" name="TestPostExecutionAndResponse" duration-ms="1" started-at="2021-08-23T07:33:51Z" data-provider="tracingAPIData" finished-at="2021-08-23T07:33:51Z">
          <params>
            <param index="0">
              <value>
                <![CDATA[90]]>
              </value>
            </param>
            <param index="1">
              <value>
                <![CDATA[TEST]]>
              </value>
            </param>
            <param index="2">
              <value>
                <![CDATA[Test.xls]]>
              </value>
            </param>
            <param index="3">
              <value>
                <![CDATA[20]]>
              </value>
            </param>
            <param index="4">
              <value>
                <![CDATA[2]]>
              </value>
            </param>
            <param index="5">
              <value>
                <![CDATA[5]]>
              </value>
            </param>
            <param index="6">
              <value>
                <![CDATA[6]]>
              </value>
            </param>
            <param index="7">
              <value>
                <![CDATA[{}]]>
              </value>
            </param>
            <param index="8">
              <value>
                <![CDATA[{}]]>
              </value>
            </param>
            <param index="9">
              <value>
                <![CDATA[Initech]]>
              </value>
            </param>
            <param index="10">
              <value>
                <![CDATA[FTP]]>
              </value>
            </param>
            <param index="11">
              <value>
                <![CDATA[FINISHED]]>
              </value>
            </param>
            <param index="12">
              <value>
                <![CDATA[{}]]>
              </value>
            </param>
            <param index="13">
              <value>
                <![CDATA[{}]]>
              </value>
            </param>
            <param index="14">
              <value>
                <![CDATA[{}]]>
              </value>
            </param>
            <param index="15">
              <value>
                <![CDATA[John Madden]]>
              </value>
            </param>
            <param index="16">
              <value>
                <![CDATA[e0964446f34f4b8fb9d60ab6bfd7c93a]]>
              </value>
            </param>
          </params>
          <exception class="java.lang.NullPointerException">
            <full-stacktrace>
              <![CDATA[java.lang.NullPointerException
	at com.morningstar.trackingservice.integrationTests.tracingAPI.tracingAPIpostTest.TestPostExecutionAndResponse(tracingAPIpostTest.java:87)
	at sun.reflect.NativeMethodAccessorImpl.invoke0(Native Method)
	at sun.reflect.NativeMethodAccessorImpl.invoke(NativeMethodAccessorImpl.java:62)
	at sun.reflect.DelegatingMethodAccessorImpl.invoke(DelegatingMethodAccessorImpl.java:43)
	at java.lang.reflect.Method.invoke(Method.java:498)
	at org.testng.internal.MethodInvocationHelper.invokeMethod(MethodInvocationHelper.java:104)
	at org.testng.internal.Invoker.invokeMethod(Invoker.java:645)
	at org.testng.internal.Invoker.invokeTestMethod(Invoker.java:851)
	at org.testng.internal.Invoker.invokeTestMethods(Invoker.java:1177)
	at org.testng.internal.TestMethodWorker.invokeTestMethods(TestMethodWorker.java:129)
	at org.testng.internal.TestMethodWorker.run(TestMethodWorker.java:112)
	at org.testng.TestRunner.privateRun(TestRunner.java:756)
	at org.testng.TestRunner.run(TestRunner.java:610)
	at org.testng.SuiteRunner.runTest(SuiteRunner.java:387)
	at org.testng.SuiteRunner.runSequentially(SuiteRunner.java:382)
	at org.testng.SuiteRunner.privateRun(SuiteRunner.java:340)
	at org.testng.SuiteRunner.run(SuiteRunner.java:289)
	at org.testng.SuiteRunnerWorker.runSuite(SuiteRunnerWorker.java:52)
	at org.testng.SuiteRunnerWorker.run(SuiteRunnerWorker.java:86)
	at org.testng.TestNG.runSuitesSequentially(TestNG.java:1293)
	at org.testng.TestNG.runSuitesLocally(TestNG.java:1218)
	at org.testng.TestNG.runSuites(TestNG.java:1133)
	at org.testng.TestNG.run(TestNG.java:1104)
	at org.apache.maven.surefire.testng.TestNGExecutor.run(TestNGExecutor.java:77)
	at org.apache.maven.surefire.testng.TestNGDirectoryTestSuite.execute(TestNGDirectoryTestSuite.java:110)
	at org.apache.maven.surefire.testng.TestNGProvider.invoke(TestNGProvider.java:106)
	at sun.reflect.NativeMethodAccessorImpl.invoke0(Native Method)
	at sun.reflect.NativeMethodAccessorImpl.invoke(NativeMethodAccessorImpl.java:62)
	at sun.reflect.DelegatingMethodAccessorImpl.invoke(DelegatingMethodAccessorImpl.java:43)
	at java.lang.reflect.Method.invoke(Method.java:498)
	at org.apache.maven.surefire.util.ReflectionUtils.invokeMethodWithArray(ReflectionUtils.java:189)
	at org.apache.maven.surefire.booter.ProviderFactory$ProviderProxy.invoke(ProviderFactory.java:165)
	at org.apache.maven.surefire.booter.ProviderFactory.invokeProvider(ProviderFactory.java:85)
	at org.apache.maven.surefire.booter.ForkedBooter.runSuitesInProcess(ForkedBooter.java:115)
	at org.apache.maven.surefire.booter.ForkedBooter.main(ForkedBooter.java:75)
]]>
            </full-stacktrace>
          </exception> <!-- java.lang.NullPointerException -->
          <reporter-output>
          </reporter-output>
        </test-method> <!-- TestPostExecutionAndResponse -->
      </class> <!-- com.morningstar.trackingservice.integrationTests.tracingAPI.tracingAPIpostTest -->
    </test> <!-- Command line test -->
  </suite> <!-- com.morningstar.trackingservice.integrationTests.tracingAPI.tracingAPIpostTest -->
</testng-results>
