<?xml version="1.0" encoding="UTF-8"?>
<!-- Generated by org.testng.reporters.JUnitReportReporter -->
<testsuite name="com.morningstar.trackingservice.integrationTests.tracingAPI.tracingAPIpostTest" tests="5" time="4.974" ignored="0" failures="1" timestamp="21 Dec 2020 21:59:53 GMT" skipped="0" hostname="US-C02Z415TLVDT." errors="0">
  <testcase name="TestPostExecutionAndResponse" time="0.408" classname="com.morningstar.trackingservice.integrationTests.tracingAPI.tracingAPIpostTest"/>
  <testcase name="TestPostExecutionAndResponse" time="0.315" classname="com.morningstar.trackingservice.integrationTests.tracingAPI.tracingAPIpostTest"/>
  <testcase name="TestGetResponse" time="1.236" classname="com.morningstar.trackingservice.integrationTests.tracingAPI.tracingAPIpostTest"/>
  <testcase name="test03DBChecking" time="1.327" classname="com.morningstar.trackingservice.integrationTests.tracingAPI.tracingAPIpostTest"/>
  <testcase name="test03DBChecking" time="1.688" classname="com.morningstar.trackingservice.integrationTests.tracingAPI.tracingAPIpostTest">
    <failure type="java.lang.AssertionError" message="expected [[{&quot;clientFundCode&quot;:&quot;NLT&quot;,&quot;secId&quot;:&quot;VAUSA0LZ9Z&quot;,&quot;ticker&quot;:&quot;&quot;,&quot;cusip&quot;:&quot;54400A787&quot;,&quot;products&quot;:{&quot;product&quot;:[{&quot;productId&quot;:&quot;UBS_HancockSig&quot;,&quot;isOpenNewSales&quot;:true}]},&quot;fundName&quot;:&quot;Lord Abbett Value Opportunities Fund&quot;,&quot;isOpen&quot;:true,&quot;isOpenNewSales&quot;:true},{&quot;clientFundCode&quot;:&quot;NLT&quot;,&quot;secId&quot;:&quot;VAUSA0MT6E&quot;,&quot;ticker&quot;:&quot;&quot;,&quot;cusip&quot;:&quot;885216853&quot;,&quot;products&quot;:{&quot;product&quot;:[{&quot;productId&quot;:&quot;UBS_HancockSig&quot;,&quot;isOpenNewSales&quot;:true}]},&quot;fundName&quot;:&quot;Thornburg Limited Term Income Fund&quot;,&quot;isOpen&quot;:true,&quot;isOpenNewSales&quot;:true}]] but found [{}]">
      <![CDATA[java.lang.AssertionError: expected [[{"clientFundCode":"NLT","secId":"VAUSA0LZ9Z","ticker":"","cusip":"54400A787","products":{"product":[{"productId":"UBS_HancockSig","isOpenNewSales":true}]},"fundName":"Lord Abbett Value Opportunities Fund","isOpen":true,"isOpenNewSales":true},{"clientFundCode":"NLT","secId":"VAUSA0MT6E","ticker":"","cusip":"885216853","products":{"product":[{"productId":"UBS_HancockSig","isOpenNewSales":true}]},"fundName":"Thornburg Limited Term Income Fund","isOpen":true,"isOpenNewSales":true}]] but found [{}]
	at org.testng.Assert.fail(Assert.java:94)
	at org.testng.Assert.failNotEquals(Assert.java:513)
	at org.testng.Assert.assertEqualsImpl(Assert.java:135)
	at org.testng.Assert.assertEquals(Assert.java:116)
	at org.testng.Assert.assertEquals(Assert.java:190)
	at org.testng.Assert.assertEquals(Assert.java:200)
	at com.morningstar.trackingservice.integrationTests.tracingAPI.tracingAPIpostTest.test03DBChecking(tracingAPIpostTest.java:105)
	at sun.reflect.NativeMethodAccessorImpl.invoke0(Native Method)
	at sun.reflect.NativeMethodAccessorImpl.invoke(NativeMethodAccessorImpl.java:62)
	at sun.reflect.DelegatingMethodAccessorImpl.invoke(DelegatingMethodAccessorImpl.java:43)
	at java.lang.reflect.Method.invoke(Method.java:498)
	at org.testng.internal.MethodInvocationHelper.invokeMethod(MethodInvocationHelper.java:104)
	at org.testng.internal.Invoker.invokeMethod(Invoker.java:645)
	at org.testng.internal.Invoker.invokeTestMethod(Invoker.java:851)
	at org.testng.internal.Invoker.invokeTestMethods(Invoker.java:1177)
	at org.testng.internal.TestMethodWorker.invokeTestMethods(TestMethodWorker.java:129)
	at org.testng.internal.TestMethodWorker.run(TestMethodWorker.java:112)
	at org.testng.TestRunner.privateRun(TestRunner.java:756)
	at org.testng.TestRunner.run(TestRunner.java:610)
	at org.testng.SuiteRunner.runTest(SuiteRunner.java:387)
	at org.testng.SuiteRunner.runSequentially(SuiteRunner.java:382)
	at org.testng.SuiteRunner.privateRun(SuiteRunner.java:340)
	at org.testng.SuiteRunner.run(SuiteRunner.java:289)
	at org.testng.SuiteRunnerWorker.runSuite(SuiteRunnerWorker.java:52)
	at org.testng.SuiteRunnerWorker.run(SuiteRunnerWorker.java:86)
	at org.testng.TestNG.runSuitesSequentially(TestNG.java:1293)
	at org.testng.TestNG.runSuitesLocally(TestNG.java:1218)
	at org.testng.TestNG.runSuites(TestNG.java:1133)
	at org.testng.TestNG.run(TestNG.java:1104)
	at org.apache.maven.surefire.testng.TestNGExecutor.run(TestNGExecutor.java:178)
	at org.apache.maven.surefire.testng.TestNGXmlTestSuite.execute(TestNGXmlTestSuite.java:92)
	at org.apache.maven.surefire.testng.TestNGProvider.invoke(TestNGProvider.java:96)
	at sun.reflect.NativeMethodAccessorImpl.invoke0(Native Method)
	at sun.reflect.NativeMethodAccessorImpl.invoke(NativeMethodAccessorImpl.java:62)
	at sun.reflect.DelegatingMethodAccessorImpl.invoke(DelegatingMethodAccessorImpl.java:43)
	at java.lang.reflect.Method.invoke(Method.java:498)
	at org.apache.maven.surefire.util.ReflectionUtils.invokeMethodWithArray(ReflectionUtils.java:189)
	at org.apache.maven.surefire.booter.ProviderFactory$ProviderProxy.invoke(ProviderFactory.java:165)
	at org.apache.maven.surefire.booter.ProviderFactory.invokeProvider(ProviderFactory.java:85)
	at org.apache.maven.surefire.booter.ForkedBooter.runSuitesInProcess(ForkedBooter.java:115)
	at org.apache.maven.surefire.booter.ForkedBooter.main(ForkedBooter.java:75)
]]>
    </failure>
  </testcase> <!-- test03DBChecking -->
</testsuite> <!-- com.morningstar.trackingservice.integrationTests.tracingAPI.tracingAPIpostTest -->
